[Calculator-pipeline] Running shell script
+ mvn clean package
[[1;34mINFO[m] Scanning for projects...
[[1;34mINFO[m] 
[[1;34mINFO[m] [1m------------------------------------------------------------------------[m
[[1;34mINFO[m] [1mBuilding CalculatorWeb Maven Webapp 1-SNAPSHOT[m
[[1;34mINFO[m] [1m------------------------------------------------------------------------[m
[[1;34mINFO[m] 
[[1;34mINFO[m] [1m--- [0;32mmaven-clean-plugin:2.5:clean[m [1m(default-clean)[m @ [36mCALCULATOR[0;1m ---[m
[[1;34mINFO[m] Deleting /var/lib/jenkins/workspace/Calculator-pipeline/target
[[1;34mINFO[m] 
[[1;34mINFO[m] [1m--- [0;32mmaven-resources-plugin:2.6:resources[m [1m(default-resources)[m @ [36mCALCULATOR[0;1m ---[m
[[1;33mWARNING[m] Using platform encoding (UTF-8 actually) to copy filtered resources, i.e. build is platform dependent!
[[1;34mINFO[m] skip non existing resourceDirectory /var/lib/jenkins/workspace/Calculator-pipeline/src/main/resources
[[1;34mINFO[m] 
[[1;34mINFO[m] [1m--- [0;32mmaven-compiler-plugin:3.1:compile[m [1m(default-compile)[m @ [36mCALCULATOR[0;1m ---[m
[[1;34mINFO[m] Changes detected - recompiling the module!
[[1;33mWARNING[m] File encoding has not been set, using platform encoding UTF-8, i.e. build is platform dependent!
[[1;34mINFO[m] Compiling 2 source files to /var/lib/jenkins/workspace/Calculator-pipeline/target/classes
[[1;34mINFO[m] 
[[1;34mINFO[m] [1m--- [0;32mmaven-resources-plugin:2.6:testResources[m [1m(default-testResources)[m @ [36mCALCULATOR[0;1m ---[m
[[1;33mWARNING[m] Using platform encoding (UTF-8 actually) to copy filtered resources, i.e. build is platform dependent!
[[1;34mINFO[m] skip non existing resourceDirectory /var/lib/jenkins/workspace/Calculator-pipeline/src/test/resources
[[1;34mINFO[m] 
[[1;34mINFO[m] [1m--- [0;32mmaven-compiler-plugin:3.1:testCompile[m [1m(default-testCompile)[m @ [36mCALCULATOR[0;1m ---[m
[[1;34mINFO[m] Changes detected - recompiling the module!
[[1;33mWARNING[m] File encoding has not been set, using platform encoding UTF-8, i.e. build is platform dependent!
[[1;34mINFO[m] Compiling 1 source file to /var/lib/jenkins/workspace/Calculator-pipeline/target/test-classes
[[1;34mINFO[m] 
[[1;34mINFO[m] [1m--- [0;32mmaven-surefire-plugin:2.12.4:test[m [1m(default-test)[m @ [36mCALCULATOR[0;1m ---[m
[[1;34mINFO[m] Surefire report directory: /var/lib/jenkins/workspace/Calculator-pipeline/target/surefire-reports

-------------------------------------------------------
 T E S T S
-------------------------------------------------------
Running CalculatorTest
Tests run: 4, Failures: 0, Errors: 0, Skipped: 0, Time elapsed: 0.142 sec

Results :

Tests run: 4, Failures: 0, Errors: 0, Skipped: 0

[[1;34mINFO[m] 
[[1;34mINFO[m] [1m--- [0;32mmaven-war-plugin:2.2:war[m [1m(default-war)[m @ [36mCALCULATOR[0;1m ---[m
[[1;34mINFO[m] Packaging webapp
[[1;34mINFO[m] Assembling webapp [CALCULATOR] in [/var/lib/jenkins/workspace/Calculator-pipeline/target/CALCULATOR]
[[1;34mINFO[m] Processing war project
[[1;34mINFO[m] Copying webapp resources [/var/lib/jenkins/workspace/Calculator-pipeline/src/main/webapp]
[[1;34mINFO[m] Webapp assembled in [84 msecs]
[[1;34mINFO[m] Building war: /var/lib/jenkins/workspace/Calculator-pipeline/target/CALCULATOR.war
[[1;34mINFO[m] WEB-INF/web.xml already added, skipping
[[1;34mINFO[m] [1m------------------------------------------------------------------------[m
[[1;34mINFO[m] [1;32mBUILD SUCCESS[m
[[1;34mINFO[m] [1m------------------------------------------------------------------------[m
[[1;34mINFO[m] Total time: 8.093 s
[[1;34mINFO[m] Finished at: 2018-10-23T07:26:46Z
[[1;34mINFO[m] Final Memory: 14M/35M
[[1;34mINFO[m] [1m------------------------------------------------------------------------[m
