[Docker-Pipeline] Running shell script
+ docker build -t deepthimogaparthi1207/repo:51.0 .
Sending build context to Docker daemon  209.9kB
Step 1/2 : FROM tomcat:8
8: Pulling from library/tomcat
05d1a5232b46: Pulling fs layer
5cee356eda6b: Pulling fs layer
89d3385f0fd3: Pulling fs layer
65dd87f6620b: Pulling fs layer
78a183a01190: Pulling fs layer
1a4499c85f97: Pulling fs layer
2c9d39b4bfc1: Pulling fs layer
1b1cec2222c9: Pulling fs layer
fc95b85a81f3: Pulling fs layer
0f3868647539: Pulling fs layer
9b6a6eddb2d9: Pulling fs layer
8787183cb077: Pulling fs layer
65dd87f6620b: Waiting
78a183a01190: Waiting
1a4499c85f97: Waiting
2c9d39b4bfc1: Waiting
1b1cec2222c9: Waiting
fc95b85a81f3: Waiting
0f3868647539: Waiting
9b6a6eddb2d9: Waiting
8787183cb077: Waiting
89d3385f0fd3: Verifying Checksum
89d3385f0fd3: Download complete
5cee356eda6b: Verifying Checksum
5cee356eda6b: Download complete
65dd87f6620b: Verifying Checksum
65dd87f6620b: Download complete
78a183a01190: Verifying Checksum
78a183a01190: Download complete
05d1a5232b46: Verifying Checksum
05d1a5232b46: Download complete
1a4499c85f97: Verifying Checksum
1a4499c85f97: Download complete
1b1cec2222c9: Verifying Checksum
1b1cec2222c9: Download complete
fc95b85a81f3: Verifying Checksum
fc95b85a81f3: Download complete
0f3868647539: Verifying Checksum
0f3868647539: Download complete
8787183cb077: Verifying Checksum
8787183cb077: Download complete
9b6a6eddb2d9: Verifying Checksum
9b6a6eddb2d9: Download complete
2c9d39b4bfc1: Verifying Checksum
2c9d39b4bfc1: Download complete
05d1a5232b46: Pull complete
5cee356eda6b: Pull complete
89d3385f0fd3: Pull complete
65dd87f6620b: Pull complete
78a183a01190: Pull complete
1a4499c85f97: Pull complete
2c9d39b4bfc1: Pull complete
1b1cec2222c9: Pull complete
fc95b85a81f3: Pull complete
0f3868647539: Pull complete
9b6a6eddb2d9: Pull complete
8787183cb077: Pull complete
Digest: sha256:8d120de5102cc12310de741299e9bf6f39d2d674663f2ce4e6f0f181ccfeebe7
Status: Downloaded newer image for tomcat:8
 ---> 41a54fe1f79d
Step 2/2 : COPY target/*.war /usr/local/tomcat/webapps/
 ---> 4b09ea490ee5
Successfully built 4b09ea490ee5
Successfully tagged deepthimogaparthi1207/repo:51.0
