[Docker-Pipeline] Running shell script
+ docker run -p 9090:8080 --name=dev-test111 9730597302/dev-test1:1.0
10-Oct-2018 06:11:46.506 INFO [main] org.apache.catalina.startup.VersionLoggerListener.log Server version:        Apache Tomcat/8.5.34
10-Oct-2018 06:11:46.509 INFO [main] org.apache.catalina.startup.VersionLoggerListener.log Server built:          Sep 4 2018 22:28:22 UTC
10-Oct-2018 06:11:46.509 INFO [main] org.apache.catalina.startup.VersionLoggerListener.log Server number:         8.5.34.0
10-Oct-2018 06:11:46.510 INFO [main] org.apache.catalina.startup.VersionLoggerListener.log OS Name:               Linux
10-Oct-2018 06:11:46.510 INFO [main] org.apache.catalina.startup.VersionLoggerListener.log OS Version:            4.15.0-1023-aws
10-Oct-2018 06:11:46.511 INFO [main] org.apache.catalina.startup.VersionLoggerListener.log Architecture:          amd64
10-Oct-2018 06:11:46.511 INFO [main] org.apache.catalina.startup.VersionLoggerListener.log Java Home:             /usr/lib/jvm/java-8-openjdk-amd64/jre
10-Oct-2018 06:11:46.512 INFO [main] org.apache.catalina.startup.VersionLoggerListener.log JVM Version:           1.8.0_181-8u181-b13-1~deb9u1-b13
10-Oct-2018 06:11:46.512 INFO [main] org.apache.catalina.startup.VersionLoggerListener.log JVM Vendor:            Oracle Corporation
10-Oct-2018 06:11:46.512 INFO [main] org.apache.catalina.startup.VersionLoggerListener.log CATALINA_BASE:         /usr/local/tomcat
10-Oct-2018 06:11:46.513 INFO [main] org.apache.catalina.startup.VersionLoggerListener.log CATALINA_HOME:         /usr/local/tomcat
10-Oct-2018 06:11:46.513 INFO [main] org.apache.catalina.startup.VersionLoggerListener.log Command line argument: -Djava.util.logging.config.file=/usr/local/tomcat/conf/logging.properties
10-Oct-2018 06:11:46.514 INFO [main] org.apache.catalina.startup.VersionLoggerListener.log Command line argument: -Djava.util.logging.manager=org.apache.juli.ClassLoaderLogManager
10-Oct-2018 06:11:46.515 INFO [main] org.apache.catalina.startup.VersionLoggerListener.log Command line argument: -Djdk.tls.ephemeralDHKeySize=2048
10-Oct-2018 06:11:46.515 INFO [main] org.apache.catalina.startup.VersionLoggerListener.log Command line argument: -Djava.protocol.handler.pkgs=org.apache.catalina.webresources
10-Oct-2018 06:11:46.520 INFO [main] org.apache.catalina.startup.VersionLoggerListener.log Command line argument: -Dorg.apache.catalina.security.SecurityListener.UMASK=0027
10-Oct-2018 06:11:46.521 INFO [main] org.apache.catalina.startup.VersionLoggerListener.log Command line argument: -Dignore.endorsed.dirs=
10-Oct-2018 06:11:46.526 INFO [main] org.apache.catalina.startup.VersionLoggerListener.log Command line argument: -Dcatalina.base=/usr/local/tomcat
10-Oct-2018 06:11:46.527 INFO [main] org.apache.catalina.startup.VersionLoggerListener.log Command line argument: -Dcatalina.home=/usr/local/tomcat
10-Oct-2018 06:11:46.528 INFO [main] org.apache.catalina.startup.VersionLoggerListener.log Command line argument: -Djava.io.tmpdir=/usr/local/tomcat/temp
10-Oct-2018 06:11:46.528 INFO [main] org.apache.catalina.core.AprLifecycleListener.lifecycleEvent Loaded APR based Apache Tomcat Native library [1.2.17] using APR version [1.5.2].
10-Oct-2018 06:11:46.528 INFO [main] org.apache.catalina.core.AprLifecycleListener.lifecycleEvent APR capabilities: IPv6 [true], sendfile [true], accept filters [false], random [true].
10-Oct-2018 06:11:46.529 INFO [main] org.apache.catalina.core.AprLifecycleListener.lifecycleEvent APR/OpenSSL configuration: useAprConnector [false], useOpenSSL [true]
10-Oct-2018 06:11:46.545 INFO [main] org.apache.catalina.core.AprLifecycleListener.initializeSSL OpenSSL successfully initialized [OpenSSL 1.1.0f  25 May 2017]
10-Oct-2018 06:11:46.737 INFO [main] org.apache.coyote.AbstractProtocol.init Initializing ProtocolHandler ["http-nio-8080"]
10-Oct-2018 06:11:46.780 INFO [main] org.apache.tomcat.util.net.NioSelectorPool.getSharedSelector Using a shared selector for servlet write/read
10-Oct-2018 06:11:46.796 INFO [main] org.apache.coyote.AbstractProtocol.init Initializing ProtocolHandler ["ajp-nio-8009"]
10-Oct-2018 06:11:46.797 INFO [main] org.apache.tomcat.util.net.NioSelectorPool.getSharedSelector Using a shared selector for servlet write/read
10-Oct-2018 06:11:46.802 INFO [main] org.apache.catalina.startup.Catalina.load Initialization processed in 1135 ms
10-Oct-2018 06:11:46.850 INFO [main] org.apache.catalina.core.StandardService.startInternal Starting service [Catalina]
10-Oct-2018 06:11:46.851 INFO [main] org.apache.catalina.core.StandardEngine.startInternal Starting Servlet Engine: Apache Tomcat/8.5.34
10-Oct-2018 06:11:46.901 INFO [localhost-startStop-1] org.apache.catalina.startup.HostConfig.deployWAR Deploying web application archive [/usr/local/tomcat/webapps/Calculator_dev.war]
10-Oct-2018 06:11:47.625 INFO [localhost-startStop-1] org.apache.catalina.startup.HostConfig.deployWAR Deployment of web application archive [/usr/local/tomcat/webapps/Calculator_dev.war] has finished in [720] ms
10-Oct-2018 06:11:47.627 INFO [localhost-startStop-1] org.apache.catalina.startup.HostConfig.deployDirectory Deploying web application directory [/usr/local/tomcat/webapps/host-manager]
10-Oct-2018 06:11:47.695 INFO [localhost-startStop-1] org.apache.catalina.startup.HostConfig.deployDirectory Deployment of web application directory [/usr/local/tomcat/webapps/host-manager] has finished in [68] ms
10-Oct-2018 06:11:47.696 INFO [localhost-startStop-1] org.apache.catalina.startup.HostConfig.deployDirectory Deploying web application directory [/usr/local/tomcat/webapps/ROOT]
10-Oct-2018 06:11:47.734 INFO [localhost-startStop-1] org.apache.catalina.startup.HostConfig.deployDirectory Deployment of web application directory [/usr/local/tomcat/webapps/ROOT] has finished in [32] ms
10-Oct-2018 06:11:47.734 INFO [localhost-startStop-1] org.apache.catalina.startup.HostConfig.deployDirectory Deploying web application directory [/usr/local/tomcat/webapps/examples]
10-Oct-2018 06:11:48.183 INFO [localhost-startStop-1] org.apache.catalina.startup.HostConfig.deployDirectory Deployment of web application directory [/usr/local/tomcat/webapps/examples] has finished in [449] ms
10-Oct-2018 06:11:48.184 INFO [localhost-startStop-1] org.apache.catalina.startup.HostConfig.deployDirectory Deploying web application directory [/usr/local/tomcat/webapps/manager]
10-Oct-2018 06:11:48.223 INFO [localhost-startStop-1] org.apache.catalina.startup.HostConfig.deployDirectory Deployment of web application directory [/usr/local/tomcat/webapps/manager] has finished in [39] ms
10-Oct-2018 06:11:48.224 INFO [localhost-startStop-1] org.apache.catalina.startup.HostConfig.deployDirectory Deploying web application directory [/usr/local/tomcat/webapps/docs]
10-Oct-2018 06:11:48.260 INFO [localhost-startStop-1] org.apache.catalina.startup.HostConfig.deployDirectory Deployment of web application directory [/usr/local/tomcat/webapps/docs] has finished in [36] ms
10-Oct-2018 06:11:48.263 INFO [main] org.apache.coyote.AbstractProtocol.start Starting ProtocolHandler ["http-nio-8080"]
10-Oct-2018 06:11:48.294 INFO [main] org.apache.coyote.AbstractProtocol.start Starting ProtocolHandler ["ajp-nio-8009"]
10-Oct-2018 06:11:48.301 INFO [main] org.apache.catalina.startup.Catalina.start Server startup in 1498 ms
Sending interrupt signal to process
Terminated
10-Oct-2018 06:18:09.055 INFO [Thread-5] org.apache.coyote.AbstractProtocol.pause Pausing ProtocolHandler ["http-nio-8080"]
