[Docker-Pipeline] Running shell script
+ mvn clean package
[[1;34mINFO[m] Scanning for projects...
[[1;34mINFO[m] 
[[1;34mINFO[m] [1m------------------------------------------------------------------------[m
[[1;34mINFO[m] [1mBuilding CalculatorWeb Maven Webapp 1-SNAPSHOT[m
[[1;34mINFO[m] [1m------------------------------------------------------------------------[m
Downloading from central: https://repo.maven.apache.org/maven2/org/apache/maven/plugins/maven-clean-plugin/2.5/maven-clean-plugin-2.5.pom
Progress (1): 2.2/3.9 kBProgress (1): 3.9 kB                        Downloaded from central: https://repo.maven.apache.org/maven2/org/apache/maven/plugins/maven-clean-plugin/2.5/maven-clean-plugin-2.5.pom (3.9 kB at 2.8 kB/s)
Downloading from central: https://repo.maven.apache.org/maven2/org/apache/maven/plugins/maven-clean-plugin/2.5/maven-clean-plugin-2.5.jar
Progress (1): 2.2/25 kBProgress (1): 5.0/25 kBProgress (1): 7.7/25 kBProgress (1): 10/25 kB Progress (1): 13/25 kBProgress (1): 16/25 kBProgress (1): 19/25 kBProgress (1): 21/25 kBProgress (1): 24/25 kBProgress (1): 25 kB                      Downloaded from central: https://repo.maven.apache.org/maven2/org/apache/maven/plugins/maven-clean-plugin/2.5/maven-clean-plugin-2.5.jar (25 kB at 65 kB/s)
[[1;34mINFO[m] 
[[1;34mINFO[m] [1m--- [0;32mmaven-clean-plugin:2.5:clean[m [1m(default-clean)[m @ [36mDEV_CALCULATOR[0;1m ---[m
[[1;34mINFO[m] Deleting /var/lib/jenkins/workspace/Docker-Pipeline/target
[[1;34mINFO[m] 
[[1;34mINFO[m] [1m--- [0;32mmaven-resources-plugin:2.6:resources[m [1m(default-resources)[m @ [36mDEV_CALCULATOR[0;1m ---[m
[[1;33mWARNING[m] Using platform encoding (UTF-8 actually) to copy filtered resources, i.e. build is platform dependent!
[[1;34mINFO[m] skip non existing resourceDirectory /var/lib/jenkins/workspace/Docker-Pipeline/src/main/resources
[[1;34mINFO[m] 
[[1;34mINFO[m] [1m--- [0;32mmaven-compiler-plugin:3.1:compile[m [1m(default-compile)[m @ [36mDEV_CALCULATOR[0;1m ---[m
[[1;34mINFO[m] Changes detected - recompiling the module!
[[1;33mWARNING[m] File encoding has not been set, using platform encoding UTF-8, i.e. build is platform dependent!
[[1;34mINFO[m] Compiling 2 source files to /var/lib/jenkins/workspace/Docker-Pipeline/target/classes
[[1;34mINFO[m] 
[[1;34mINFO[m] [1m--- [0;32mmaven-resources-plugin:2.6:testResources[m [1m(default-testResources)[m @ [36mDEV_CALCULATOR[0;1m ---[m
[[1;33mWARNING[m] Using platform encoding (UTF-8 actually) to copy filtered resources, i.e. build is platform dependent!
[[1;34mINFO[m] skip non existing resourceDirectory /var/lib/jenkins/workspace/Docker-Pipeline/src/test/resources
[[1;34mINFO[m] 
[[1;34mINFO[m] [1m--- [0;32mmaven-compiler-plugin:3.1:testCompile[m [1m(default-testCompile)[m @ [36mDEV_CALCULATOR[0;1m ---[m
[[1;34mINFO[m] Changes detected - recompiling the module!
[[1;33mWARNING[m] File encoding has not been set, using platform encoding UTF-8, i.e. build is platform dependent!
[[1;34mINFO[m] Compiling 1 source file to /var/lib/jenkins/workspace/Docker-Pipeline/target/test-classes
[[1;34mINFO[m] 
[[1;34mINFO[m] [1m--- [0;32mmaven-surefire-plugin:2.12.4:test[m [1m(default-test)[m @ [36mDEV_CALCULATOR[0;1m ---[m
[[1;34mINFO[m] Surefire report directory: /var/lib/jenkins/workspace/Docker-Pipeline/target/surefire-reports

-------------------------------------------------------
 T E S T S
-------------------------------------------------------
Running CalculatorTest
Tests run: 4, Failures: 0, Errors: 0, Skipped: 0, Time elapsed: 0.134 sec

Results :

Tests run: 4, Failures: 0, Errors: 0, Skipped: 0

[[1;34mINFO[m] 
[[1;34mINFO[m] [1m--- [0;32mmaven-war-plugin:2.2:war[m [1m(default-war)[m @ [36mDEV_CALCULATOR[0;1m ---[m
[[1;34mINFO[m] Packaging webapp
[[1;34mINFO[m] Assembling webapp [DEV_CALCULATOR] in [/var/lib/jenkins/workspace/Docker-Pipeline/target/Calculator_dev]
[[1;34mINFO[m] Processing war project
[[1;34mINFO[m] Copying webapp resources [/var/lib/jenkins/workspace/Docker-Pipeline/src/main/webapp]
[[1;34mINFO[m] Webapp assembled in [59 msecs]
[[1;34mINFO[m] Building war: /var/lib/jenkins/workspace/Docker-Pipeline/target/Calculator_dev.war
[[1;34mINFO[m] WEB-INF/web.xml already added, skipping
[[1;34mINFO[m] [1m------------------------------------------------------------------------[m
[[1;34mINFO[m] [1;32mBUILD SUCCESS[m
[[1;34mINFO[m] [1m------------------------------------------------------------------------[m
[[1;34mINFO[m] Total time: 7.198 s
[[1;34mINFO[m] Finished at: 2018-10-09T17:05:49Z
[[1;34mINFO[m] Final Memory: 17M/41M
[[1;34mINFO[m] [1m------------------------------------------------------------------------[m
