[Docker-Pipeline] Running shell script
+ docker push deepthimogaparthi1207/dev-test1:1.0
The push refers to repository [docker.io/deepthimogaparthi1207/dev-test1]
980b48baa4ef: Preparing
2eda9150fd94: Preparing
4b9367441797: Preparing
b43708ebead1: Preparing
f3a3749a49fd: Preparing
00fc55ade1b8: Preparing
034f354793a4: Preparing
a8d68e0ce4e3: Preparing
e0caf225fa20: Preparing
da22ca4fb8f3: Preparing
2eb1c9bfc5ea: Preparing
0b703c74a09c: Preparing
b28ef0b6fef8: Preparing
00fc55ade1b8: Waiting
034f354793a4: Waiting
a8d68e0ce4e3: Waiting
e0caf225fa20: Waiting
da22ca4fb8f3: Waiting
2eb1c9bfc5ea: Waiting
0b703c74a09c: Waiting
b28ef0b6fef8: Waiting
2eda9150fd94: Mounted from 9730597302/dev-test1
4b9367441797: Mounted from 9730597302/dev-test1
b43708ebead1: Mounted from 9730597302/dev-test1
f3a3749a49fd: Mounted from 9730597302/dev-test1
980b48baa4ef: Pushed
a8d68e0ce4e3: Mounted from 9730597302/dev-test1
034f354793a4: Mounted from 9730597302/dev-test1
00fc55ade1b8: Mounted from 9730597302/dev-test1
e0caf225fa20: Mounted from 9730597302/dev-test1
2eb1c9bfc5ea: Mounted from 9730597302/dev-test1
da22ca4fb8f3: Mounted from 9730597302/dev-test1
0b703c74a09c: Mounted from 9730597302/dev-test1
b28ef0b6fef8: Mounted from 9730597302/dev-test1
1.0: digest: sha256:27df2e1a7f1c661382db6ae85287fe34d2df5ed717c80e2352111e9874074b4c size: 3044
